<?xml version="1.0" encoding="UTF-8"?>
<!-- Generated by org.testng.reporters.JUnitReportReporter -->
<testsuite hostname="DESKTOP-LF42QN7" failures="0" tests="1" name="com.framework.test.checkoutTestTwo" time="12.712" errors="0" timestamp="2025-04-11T17:32:40 CST" skipped="0">
  <testcase classname="com.framework.test.checkoutTestTwo" name="checkoutTestCaseTwo" time="12.712"/>
</testsuite> <!-- com.framework.test.checkoutTestTwo -->
