<?xml version="1.0" encoding="UTF-8"?>
<!-- Generated by org.testng.reporters.JUnitReportReporter -->
<testsuite hostname="DESKTOP-LF42QN7" failures="0" tests="1" name="com.framework.test.loginTest" time="9.422" errors="0" timestamp="2025-04-11T17:09:44 CST" skipped="0">
  <testcase classname="com.framework.test.loginTest" name="gotoLoginPage" time="9.422"/>
</testsuite> <!-- com.framework.test.loginTest -->
