<?xml version="1.0" encoding="UTF-8"?>
<!-- Generated by org.testng.reporters.JUnitReportReporter -->
<testsuite hostname="DESKTOP-LF42QN7" failures="0" tests="1" name="com.framework.test.cartTest" time="14.900" errors="0" timestamp="2025-04-11T17:13:59 CST" skipped="0">
  <testcase classname="com.framework.test.cartTest" name="checkoutTest" time="14.900"/>
</testsuite> <!-- com.framework.test.cartTest -->
