<?xml version="1.0" encoding="UTF-8"?>
<!-- Generated by org.testng.reporters.JUnitReportReporter -->
<testsuite hostname="DESKTOP-LF42QN7" failures="0" tests="1" name="com.framework.test.productTest" time="11.463" errors="0" timestamp="2025-04-11T17:51:12 CST" skipped="0">
  <testcase classname="com.framework.test.productTest" name="addtocartTest" time="11.463"/>
</testsuite> <!-- com.framework.test.productTest -->
