<?xml version="1.0" encoding="UTF-8"?>
<!-- Generated by org.testng.reporters.JUnitReportReporter -->
<testsuite hostname="DESKTOP-LF42QN7" failures="0" tests="1" name="com.framework.test.logoutTest" time="10.133" errors="0" timestamp="2025-04-11T17:59:45 CST" skipped="0">
  <testcase classname="com.framework.test.logoutTest" name="logoutTestCase" time="10.133"/>
</testsuite> <!-- com.framework.test.logoutTest -->
