<?xml version="1.0" encoding="UTF-8"?>
<!-- Generated by org.testng.reporters.JUnitReportReporter -->
<testsuite hostname="DESKTOP-LF42QN7" failures="0" tests="1" name="com.framework.test.checkoutTestOne" time="14.813" errors="0" timestamp="2025-04-11T17:15:37 CST" skipped="0">
  <testcase classname="com.framework.test.checkoutTestOne" name="checkoutTestCaseOne" time="14.813"/>
</testsuite> <!-- com.framework.test.checkoutTestOne -->
